[ 2016-12-01T01:21:01+08:00 ] 101.226.65.108 /admin.php
INFO: [ app_init ] --START--
INFO: Run Behavior\BuildLiteBehavior [ RunTime:0.000021s ]
INFO: [ app_init ] --END-- [ RunTime:0.000583s ]
INFO: [ app_begin ] --START--
INFO: Run Behavior\ReadHtmlCacheBehavior [ RunTime:0.000873s ]
INFO: Run Behavior\CheckLangBehavior [ RunTime:0.002211s ]
INFO: [ app_begin ] --END-- [ RunTime:0.003209s ]
SQL: SHOW COLUMNS FROM `shq_setting` [ RunTime:0.0022s ]
SQL: SELECT * FROM `shq_setting` WHERE `name` IN ('license_secret','license_code')  [ RunTime:0.0010s ]
NOTIC: [2] Invalid argument supplied for foreach() /data/www/web/www.tqshq.com/source/Common/functions.php(8) : eval()'d code(1) : eval()'d code 第 260 行.
NOTIC: [8] Undefined variable: data /data/www/web/www.tqshq.com/source/Common/functions.php(8) : eval()'d code(1) : eval()'d code 第 264 行.

[ 2016-12-01T07:11:44+08:00 ] 113.108.21.69 /admin.php
INFO: [ app_init ] --START--
INFO: Run Behavior\BuildLiteBehavior [ RunTime:0.000021s ]
INFO: [ app_init ] --END-- [ RunTime:0.000591s ]
INFO: [ app_begin ] --START--
INFO: Run Behavior\ReadHtmlCacheBehavior [ RunTime:0.000874s ]
INFO: Run Behavior\CheckLangBehavior [ RunTime:0.002212s ]
INFO: [ app_begin ] --END-- [ RunTime:0.003211s ]
SQL: SHOW COLUMNS FROM `shq_setting` [ RunTime:0.0025s ]
SQL: SELECT * FROM `shq_setting` WHERE `name` IN ('license_secret','license_code')  [ RunTime:0.0010s ]
NOTIC: [2] Invalid argument supplied for foreach() /data/www/web/www.tqshq.com/source/Common/functions.php(8) : eval()'d code(1) : eval()'d code 第 260 行.
NOTIC: [8] Undefined variable: data /data/www/web/www.tqshq.com/source/Common/functions.php(8) : eval()'d code(1) : eval()'d code 第 264 行.

[ 2016-12-01T08:37:14+08:00 ] 182.18.109.175 /admin.php
INFO: [ app_init ] --START--
INFO: Run Behavior\BuildLiteBehavior [ RunTime:0.000023s ]
INFO: [ app_init ] --END-- [ RunTime:0.000629s ]
INFO: [ app_begin ] --START--
INFO: Run Behavior\ReadHtmlCacheBehavior [ RunTime:0.000977s ]
INFO: Run Behavior\CheckLangBehavior [ RunTime:0.002427s ]
INFO: [ app_begin ] --END-- [ RunTime:0.003531s ]
SQL: SHOW COLUMNS FROM `shq_setting` [ RunTime:0.0024s ]
SQL: SELECT * FROM `shq_setting` WHERE `name` IN ('license_secret','license_code')  [ RunTime:0.0010s ]
NOTIC: [2] Invalid argument supplied for foreach() /data/www/web/www.tqshq.com/source/Common/functions.php(8) : eval()'d code(1) : eval()'d code 第 260 行.
NOTIC: [8] Undefined variable: data /data/www/web/www.tqshq.com/source/Common/functions.php(8) : eval()'d code(1) : eval()'d code 第 264 行.

[ 2016-12-01T08:47:59+08:00 ] 202.100.242.131 /admin.php
INFO: [ app_init ] --START--
INFO: Run Behavior\BuildLiteBehavior [ RunTime:0.000021s ]
INFO: [ app_init ] --END-- [ RunTime:0.000598s ]
INFO: [ app_begin ] --START--
INFO: Run Behavior\ReadHtmlCacheBehavior [ RunTime:0.000878s ]
INFO: Run Behavior\CheckLangBehavior [ RunTime:0.002239s ]
INFO: [ app_begin ] --END-- [ RunTime:0.003245s ]
SQL: SHOW COLUMNS FROM `shq_setting` [ RunTime:0.0022s ]
SQL: SELECT * FROM `shq_setting` WHERE `name` IN ('license_secret','license_code')  [ RunTime:0.0010s ]
NOTIC: [2] Invalid argument supplied for foreach() /data/www/web/www.tqshq.com/source/Common/functions.php(8) : eval()'d code(1) : eval()'d code 第 260 行.
NOTIC: [8] Undefined variable: data /data/www/web/www.tqshq.com/source/Common/functions.php(8) : eval()'d code(1) : eval()'d code 第 264 行.

[ 2016-12-01T08:48:02+08:00 ] 111.206.36.11 /admin.php
INFO: [ app_init ] --START--
INFO: Run Behavior\BuildLiteBehavior [ RunTime:0.000021s ]
INFO: [ app_init ] --END-- [ RunTime:0.000598s ]
INFO: [ app_begin ] --START--
INFO: Run Behavior\ReadHtmlCacheBehavior [ RunTime:0.000870s ]
INFO: Run Behavior\CheckLangBehavior [ RunTime:0.002359s ]
INFO: [ app_begin ] --END-- [ RunTime:0.003356s ]
SQL: SHOW COLUMNS FROM `shq_setting` [ RunTime:0.0021s ]
SQL: SELECT * FROM `shq_setting` WHERE `name` IN ('license_secret','license_code')  [ RunTime:0.0008s ]
NOTIC: [2] Invalid argument supplied for foreach() /data/www/web/www.tqshq.com/source/Common/functions.php(8) : eval()'d code(1) : eval()'d code 第 260 行.
NOTIC: [8] Undefined variable: data /data/www/web/www.tqshq.com/source/Common/functions.php(8) : eval()'d code(1) : eval()'d code 第 264 行.

[ 2016-12-01T10:32:18+08:00 ] 202.100.242.131 /admin.php
INFO: [ app_init ] --START--
INFO: Run Behavior\BuildLiteBehavior [ RunTime:0.000032s ]
INFO: [ app_init ] --END-- [ RunTime:0.001272s ]
INFO: [ app_begin ] --START--
INFO: Run Behavior\ReadHtmlCacheBehavior [ RunTime:0.026675s ]
INFO: Run Behavior\CheckLangBehavior [ RunTime:0.030030s ]
INFO: [ app_begin ] --END-- [ RunTime:0.056879s ]
NOTIC: [8] A session had already been started - ignoring session_start() /data/www/web/www.tqshq.com/source/Common/functions.php(8) : eval()'d code(1) : eval()'d code 第 1366 行.
SQL: SHOW COLUMNS FROM `shq_setting` [ RunTime:0.0028s ]
SQL: SELECT * FROM `shq_setting` WHERE `name` IN ('license_secret','license_code')  [ RunTime:0.0010s ]
NOTIC: [2] Invalid argument supplied for foreach() /data/www/web/www.tqshq.com/source/Common/functions.php(8) : eval()'d code(1) : eval()'d code 第 260 行.
NOTIC: [8] Undefined variable: data /data/www/web/www.tqshq.com/source/Common/functions.php(8) : eval()'d code(1) : eval()'d code 第 264 行.

[ 2016-12-01T10:35:17+08:00 ] 124.207.8.66 /admin.php
INFO: [ app_init ] --START--
INFO: Run Behavior\BuildLiteBehavior [ RunTime:0.000024s ]
INFO: [ app_init ] --END-- [ RunTime:0.000631s ]
INFO: [ app_begin ] --START--
INFO: Run Behavior\ReadHtmlCacheBehavior [ RunTime:0.000827s ]
INFO: Run Behavior\CheckLangBehavior [ RunTime:0.002278s ]
INFO: [ app_begin ] --END-- [ RunTime:0.003275s ]
NOTIC: [8] A session had already been started - ignoring session_start() /data/www/web/www.tqshq.com/source/Common/functions.php(8) : eval()'d code(1) : eval()'d code 第 1366 行.
SQL: SHOW COLUMNS FROM `shq_setting` [ RunTime:0.0028s ]
SQL: SELECT * FROM `shq_setting` WHERE `name` IN ('license_secret','license_code')  [ RunTime:0.0010s ]
NOTIC: [2] Invalid argument supplied for foreach() /data/www/web/www.tqshq.com/source/Common/functions.php(8) : eval()'d code(1) : eval()'d code 第 260 行.
NOTIC: [8] Undefined variable: data /data/www/web/www.tqshq.com/source/Common/functions.php(8) : eval()'d code(1) : eval()'d code 第 264 行.

